<?xml version="1.0" encoding="UTF-8"?>
<!-- Generated by org.testng.reporters.JUnitReportReporter -->
<testsuite skipped="0" hostname="1b13b21cfd19" name="com.newtours.tests.BookFlightsTest" tests="10" failures="0" timestamp="10 Jun 2023 18:28:56 GMT" time="14.009" errors="0">
  <testcase name="registrationconfirmation" time="0.049" classname="com.newtours.tests.BookFlightsTest"/>
  <testcase name="registrationconfirmation" time="0.043" classname="com.newtours.tests.BookFlightsTest"/>
  <testcase name="registrationPage" time="5.778" classname="com.newtours.tests.BookFlightsTest"/>
  <testcase name="flightdetailsPage" time="1.330" classname="com.newtours.tests.BookFlightsTest"/>
  <testcase name="findflightPage" time="0.094" classname="com.newtours.tests.BookFlightsTest"/>
  <testcase name="findflightPage" time="0.113" classname="com.newtours.tests.BookFlightsTest"/>
  <testcase name="registrationPage" time="5.297" classname="com.newtours.tests.BookFlightsTest"/>
  <testcase name="flightconfirmationPage" time="0.019" classname="com.newtours.tests.BookFlightsTest"/>
  <testcase name="flightconfirmationPage" time="0.022" classname="com.newtours.tests.BookFlightsTest"/>
  <testcase name="flightdetailsPage" time="1.264" classname="com.newtours.tests.BookFlightsTest"/>
</testsuite> <!-- com.newtours.tests.BookFlightsTest -->
