<?xml version="1.0" encoding="UTF-8"?>
<!-- Generated by org.testng.reporters.JUnitReportReporter -->
<testsuite skipped="0" hostname="1baf63714b2f" name="com.newtours.tests.BookFlightsTest" tests="10" failures="0" timestamp="10 Jun 2023 09:18:18 GMT" time="17.121" errors="0">
  <testcase name="flightdetailsPage" time="1.355" classname="com.newtours.tests.BookFlightsTest"/>
  <testcase name="registrationconfirmation" time="0.059" classname="com.newtours.tests.BookFlightsTest"/>
  <testcase name="flightconfirmationPage" time="0.027" classname="com.newtours.tests.BookFlightsTest"/>
  <testcase name="registrationconfirmation" time="0.050" classname="com.newtours.tests.BookFlightsTest"/>
  <testcase name="findflightPage" time="0.116" classname="com.newtours.tests.BookFlightsTest"/>
  <testcase name="findflightPage" time="0.103" classname="com.newtours.tests.BookFlightsTest"/>
  <testcase name="registrationPage" time="6.214" classname="com.newtours.tests.BookFlightsTest"/>
  <testcase name="registrationPage" time="7.772" classname="com.newtours.tests.BookFlightsTest"/>
  <testcase name="flightdetailsPage" time="1.397" classname="com.newtours.tests.BookFlightsTest"/>
  <testcase name="flightconfirmationPage" time="0.028" classname="com.newtours.tests.BookFlightsTest"/>
</testsuite> <!-- com.newtours.tests.BookFlightsTest -->
